[INFO] Mining engine started: 2021-07-21 15:55:11.960480 
[INFO] Mining engine started: 2021-07-21 15:55:41.245683 
[WARNING] Mining engine stopped: 2021-07-21 15:55:45.851683 
[INFO] Mining engine started: 2021-07-21 15:55:49.945135 
[INFO] Mining started: 2021-07-21 15:55:53.732879 
[WARNING] Mining interrupted: 2021-07-21 15:55:57.700914 
[WARNING] Mining engine stopped: 2021-07-21 15:56:13.642535 
[INFO] Mining engine started: 2021-07-21 15:59:53.954513 
[WARNING] Mining engine stopped: 2021-07-21 15:59:56.274512 
[INFO] Mining engine started: 2021-07-21 16:00:52.440761 
[WARNING] Mining engine stopped: 2021-07-21 16:00:55.752457 
[INFO] Mining engine started: 2021-07-21 16:03:15.284264 
[INFO] Mining started: 2021-07-21 16:03:22.639262 
[INFO] Mining started: 2021-07-21 16:03:22.743278 
[WARNING] Mining interrupted: 2021-07-21 16:03:25.263313 
[INFO] Mining started: 2021-07-21 16:03:26.374317 
[INFO] Mining started: 2021-07-21 16:03:26.481313 
[WARNING] Mining interrupted: 2021-07-21 16:03:28.095313 
[WARNING] Mining engine stopped: 2021-07-21 16:03:28.863314 
[INFO] Mining engine started: 2021-07-21 16:06:06.335968 
[INFO] Mining started: 2021-07-21 16:06:09.318966 
[WARNING] Mining interrupted: 2021-07-21 16:06:12.322967 
[WARNING] Mining engine stopped: 2021-07-21 16:06:13.096987 
[INFO] Mining engine started: 2021-07-21 16:25:27.975457 
[WARNING] Mining engine stopped: 2021-07-21 16:25:30.582455 
[INFO] Advanced mining engine started: 2021-07-21 18:40:22.023191 
[WARNING] Advanced mining engine stopped: 2021-07-21 18:40:38.542324 
[INFO] Advanced mining engine started: 2021-07-21 18:43:35.215469 
[INFO] Advanced mining engine started: 2021-07-21 18:44:59.365034 
[INFO] Advanced mining engine started: 2021-07-21 18:45:59.441318 
[WARNING] Advanced mining engine stopped: 2021-07-21 18:46:17.190624 
[INFO] Advanced mining engine started: 2021-07-21 18:47:00.588057 
[INFO] Advanced mining engine started: 2021-07-21 18:47:09.657438 
[INFO] Advanced mining engine started: 2021-07-21 18:47:21.730705 
[INFO] Advanced mining engine started: 2021-07-21 18:48:05.303575 
[WARNING] Advanced mining engine stopped: 2021-07-21 18:48:36.604976 
[INFO] Advanced mining engine started: 2021-07-21 18:48:47.945110 
[INFO] Advanced mining engine started: 2021-07-21 18:49:22.341672 
[INFO] Advanced mining engine started: 2021-07-21 18:50:00.696769 
[INFO] Advanced mining engine started: 2021-07-21 18:50:43.388713 
[INFO] Advanced mining engine started: 2021-07-21 18:51:56.430823 
[INFO] Advanced mining engine started: 2021-07-21 18:54:27.292148 
[INFO] Advanced mining engine started: 2021-07-21 18:54:56.952303 
[INFO] Advanced mining engine started: 2021-07-21 18:56:12.754654 
[INFO] Advanced mining engine started: 2021-07-21 18:57:12.758877 
[INFO] Advanced mining engine started: 2021-07-21 18:57:34.626054 
[INFO] Advanced mining engine started: 2021-07-21 18:58:03.528124 
[WARNING] Advanced mining engine stopped: 2021-07-21 18:58:20.821905 
[INFO] Advanced mining engine started: 2021-07-21 18:58:30.668725 
[WARNING] Advanced mining engine stopped: 2021-07-21 18:58:44.212096 
[INFO] Advanced mining engine started: 2021-07-21 18:59:34.315386 
[WARNING] Advanced mining engine stopped: 2021-07-21 18:59:54.515383 
[INFO] Advanced mining engine started: 2021-07-21 19:00:07.592972 
[WARNING] Advanced mining engine stopped: 2021-07-21 19:00:20.669155 
[INFO] Advanced mining engine started: 2021-07-21 19:01:25.273045 
[INFO] Advanced mining engine started: 2021-07-21 19:02:17.390229 
[INFO] Advanced mining engine started: 2021-07-21 19:02:32.011944 
[WARNING] Advanced mining engine stopped: 2021-07-21 19:02:50.422684 
[INFO] Advanced mining engine started: 2021-07-21 19:03:20.899783 
[INFO] Advanced mining engine started: 2021-07-21 19:04:01.584176 
[INFO] Advanced mining engine started: 2021-07-21 19:04:39.361905 
[INFO] Advanced mining engine started: 2021-07-21 19:05:20.836390 
[WARNING] Advanced mining engine stopped: 2021-07-21 19:06:17.807901 
[INFO] Advanced mining engine started: 2021-07-21 19:08:01.970572 
[INFO] Advanced mining engine started: 2021-07-21 19:08:59.108632 
[WARNING] Advanced mining engine stopped: 2021-07-21 19:10:34.941170 
[INFO] Advanced mining engine started: 2021-07-21 19:10:43.039652 
[INFO] Advanced mining engine started: 2021-07-21 19:12:55.669580 
[WARNING] Advanced mining engine stopped: 2021-07-21 19:14:33.184600 
[INFO] Advanced mining engine started: 2021-07-21 20:01:10.022414 
[WARNING] Advanced mining engine stopped: 2021-07-21 20:02:40.049568 
[INFO] Advanced mining engine started: 2021-07-21 20:03:14.703469 
[INFO] Advanced mining engine started: 2021-07-21 20:04:50.174928 
[INFO] Advanced mining engine started: 2021-07-21 20:05:13.005598 
[INFO] Advanced mining engine started: 2021-07-21 20:05:52.553725 
[INFO] Advanced mining engine started: 2021-07-21 20:06:31.440539 
[INFO] Advanced mining engine started: 2021-07-21 20:06:45.564483 
[INFO] Advanced mining engine started: 2021-07-21 20:09:09.327513 
[INFO] Advanced mining engine started: 2021-07-21 20:09:45.314773 
[INFO] Advanced mining engine started: 2021-07-21 20:12:43.200191 
[WARNING] Advanced mining engine stopped: 2021-07-21 20:13:31.067094 
[INFO] Advanced mining engine started: 2021-07-21 20:13:44.705411 
[INFO] Advanced mining engine started: 2021-07-21 20:14:02.991619 
[INFO] Advanced mining engine started: 2021-07-21 20:14:24.420481 
[INFO] Advanced mining engine started: 2021-07-21 20:14:50.083869 
[WARNING] Advanced mining engine stopped: 2021-07-21 20:15:04.726522 
[INFO] Advanced mining engine started: 2021-07-21 20:18:24.821047 
[INFO] Advanced mining engine started: 2021-07-21 20:18:59.242465 
[WARNING] Advanced mining engine stopped: 2021-07-21 20:19:22.371885 
[INFO] Mining engine started: 2021-07-21 20:20:08.389785 
[INFO] Mining started: 2021-07-21 20:20:10.559785 
[WARNING] Mining interrupted: 2021-07-21 20:20:13.965164 
[INFO] Mining started: 2021-07-21 20:20:14.958165 
[WARNING] Mining interrupted: 2021-07-21 20:20:15.982166 
[INFO] Mining engine started: 2021-07-21 20:21:13.652119 
[INFO] Mining started: 2021-07-21 20:21:20.641751 
[WARNING] Mining interrupted: 2021-07-21 20:21:31.141892 
